

[2025-10-02 03:45:25] === RUN START ===
>>> discover_once starting
MONGO_URI            = mongodb://localhost:27017/ytscan
REGION               = US
QUERY                = None
CHANNEL_ID           = None
CHANNEL_HANDLE       = None
TOPIC_ID             = None
LOOKBACK_MINUTES     = 90
FILTER_CATEGORY_ID   = '20'
[page 1] found=0
No recent results. Falling back to mostPopular…
fallback mostPopular: upserted=0
>>> DONE. total_found=0, total_upserted=0
Tip: open http://127.0.0.1:8000/videos?limit=10 to verify.
[2025-10-02 03:45:27] === RUN END (code=0) ===


[2025-10-02 03:45:55] === RUN START ===
>>> discover_once starting
MONGO_URI            = mongodb://localhost:27017/ytscan
REGION               = US
QUERY                = None
CHANNEL_ID           = None
CHANNEL_HANDLE       = None
TOPIC_ID             = None
LOOKBACK_MINUTES     = 90
FILTER_CATEGORY_ID   = '20'
[page 1] found=0
No recent results. Falling back to mostPopular…
fallback mostPopular: upserted=0
>>> DONE. total_found=0, total_upserted=0
Tip: open http://127.0.0.1:8000/videos?limit=10 to verify.
[2025-10-02 03:45:57] === RUN END (code=0) ===


[2025-10-02 03:46:25] === RUN START ===
>>> discover_once starting
MONGO_URI            = mongodb://localhost:27017/ytscan
REGION               = US
QUERY                = None
CHANNEL_ID           = None
CHANNEL_HANDLE       = None
TOPIC_ID             = None
LOOKBACK_MINUTES     = 90
FILTER_CATEGORY_ID   = '20'
[page 1] found=0
No recent results. Falling back to mostPopular…
fallback mostPopular: upserted=0
>>> DONE. total_found=0, total_upserted=0
Tip: open http://127.0.0.1:8000/videos?limit=10 to verify.
[2025-10-02 03:46:27] === RUN END (code=0) ===


[2025-10-02 03:46:55] === RUN START ===
>>> discover_once starting
MONGO_URI            = mongodb://localhost:27017/ytscan
REGION               = US
QUERY                = None
CHANNEL_ID           = None
CHANNEL_HANDLE       = None
TOPIC_ID             = None
LOOKBACK_MINUTES     = 90
FILTER_CATEGORY_ID   = '20'
[page 1] found=0
No recent results. Falling back to mostPopular…
fallback mostPopular: upserted=0
>>> DONE. total_found=0, total_upserted=0
Tip: open http://127.0.0.1:8000/videos?limit=10 to verify.
[2025-10-02 03:46:57] === RUN END (code=0) ===


[2025-10-02 03:47:25] === RUN START ===
>>> discover_once starting
MONGO_URI            = mongodb://localhost:27017/ytscan
REGION               = US
QUERY                = None
CHANNEL_ID           = None
CHANNEL_HANDLE       = None
TOPIC_ID             = None
LOOKBACK_MINUTES     = 90
FILTER_CATEGORY_ID   = '20'
[page 1] found=0
No recent results. Falling back to mostPopular…
fallback mostPopular: upserted=0
>>> DONE. total_found=0, total_upserted=0
Tip: open http://127.0.0.1:8000/videos?limit=10 to verify.
[2025-10-02 03:47:27] === RUN END (code=0) ===


[2025-10-02 03:47:55] === RUN START ===
>>> discover_once starting
MONGO_URI            = mongodb://localhost:27017/ytscan
REGION               = US
QUERY                = None
CHANNEL_ID           = None
CHANNEL_HANDLE       = None
TOPIC_ID             = None
LOOKBACK_MINUTES     = 90
FILTER_CATEGORY_ID   = '20'
[page 1] found=0
No recent results. Falling back to mostPopular…
fallback mostPopular: upserted=0
>>> DONE. total_found=0, total_upserted=0
Tip: open http://127.0.0.1:8000/videos?limit=10 to verify.
[2025-10-02 03:47:57] === RUN END (code=0) ===


[2025-10-02 03:48:25] === RUN START ===
>>> discover_once starting
MONGO_URI            = mongodb://localhost:27017/ytscan
REGION               = US
QUERY                = None
CHANNEL_ID           = None
CHANNEL_HANDLE       = None
TOPIC_ID             = None
LOOKBACK_MINUTES     = 90
FILTER_CATEGORY_ID   = '20'
[page 1] found=0
No recent results. Falling back to mostPopular…
fallback mostPopular: upserted=0
>>> DONE. total_found=0, total_upserted=0
Tip: open http://127.0.0.1:8000/videos?limit=10 to verify.
[2025-10-02 03:48:27] === RUN END (code=0) ===


[2025-10-02 03:48:55] === RUN START ===
>>> discover_once starting
MONGO_URI            = mongodb://localhost:27017/ytscan
REGION               = US
QUERY                = None
CHANNEL_ID           = None
CHANNEL_HANDLE       = None
TOPIC_ID             = None
LOOKBACK_MINUTES     = 90
FILTER_CATEGORY_ID   = '20'
[page 1] found=0
No recent results. Falling back to mostPopular…
fallback mostPopular: upserted=0
>>> DONE. total_found=0, total_upserted=0
Tip: open http://127.0.0.1:8000/videos?limit=10 to verify.
[2025-10-02 03:48:57] === RUN END (code=0) ===


[2025-10-02 03:49:25] === RUN START ===
>>> discover_once starting
MONGO_URI            = mongodb://localhost:27017/ytscan
REGION               = US
QUERY                = None
CHANNEL_ID           = None
CHANNEL_HANDLE       = None
TOPIC_ID             = None
LOOKBACK_MINUTES     = 90
FILTER_CATEGORY_ID   = '20'
[page 1] found=0
No recent results. Falling back to mostPopular…
fallback mostPopular: upserted=0
>>> DONE. total_found=0, total_upserted=0
Tip: open http://127.0.0.1:8000/videos?limit=10 to verify.
[2025-10-02 03:49:27] === RUN END (code=0) ===


[2025-10-02 03:49:55] === RUN START ===
>>> discover_once starting
MONGO_URI            = mongodb://localhost:27017/ytscan
REGION               = US
QUERY                = None
CHANNEL_ID           = None
CHANNEL_HANDLE       = None
TOPIC_ID             = None
LOOKBACK_MINUTES     = 90
FILTER_CATEGORY_ID   = '20'
[page 1] found=0
No recent results. Falling back to mostPopular…
fallback mostPopular: upserted=0
>>> DONE. total_found=0, total_upserted=0
Tip: open http://127.0.0.1:8000/videos?limit=10 to verify.
[2025-10-02 03:49:57] === RUN END (code=0) ===


[2025-10-02 03:50:25] === RUN START ===
>>> discover_once starting
MONGO_URI            = mongodb://localhost:27017/ytscan
REGION               = US
QUERY                = None
CHANNEL_ID           = None
CHANNEL_HANDLE       = None
TOPIC_ID             = None
LOOKBACK_MINUTES     = 90
FILTER_CATEGORY_ID   = '20'
[page 1] found=0
No recent results. Falling back to mostPopular…
fallback mostPopular: upserted=0
>>> DONE. total_found=0, total_upserted=0
Tip: open http://127.0.0.1:8000/videos?limit=10 to verify.
[2025-10-02 03:50:27] === RUN END (code=0) ===


[2025-10-02 03:50:55] === RUN START ===
>>> discover_once starting
MONGO_URI            = mongodb://localhost:27017/ytscan
REGION               = US
QUERY                = None
CHANNEL_ID           = None
CHANNEL_HANDLE       = None
TOPIC_ID             = None
LOOKBACK_MINUTES     = 90
FILTER_CATEGORY_ID   = '20'
[page 1] found=0
No recent results. Falling back to mostPopular…
fallback mostPopular: upserted=0
>>> DONE. total_found=0, total_upserted=0
Tip: open http://127.0.0.1:8000/videos?limit=10 to verify.
[2025-10-02 03:50:57] === RUN END (code=0) ===


[2025-10-02 03:51:25] === RUN START ===
>>> discover_once starting
MONGO_URI            = mongodb://localhost:27017/ytscan
REGION               = US
QUERY                = None
CHANNEL_ID           = None
CHANNEL_HANDLE       = None
TOPIC_ID             = None
LOOKBACK_MINUTES     = 90
FILTER_CATEGORY_ID   = '20'
[page 1] found=0
No recent results. Falling back to mostPopular…
fallback mostPopular: upserted=0
>>> DONE. total_found=0, total_upserted=0
Tip: open http://127.0.0.1:8000/videos?limit=10 to verify.
[2025-10-02 03:51:27] === RUN END (code=0) ===


[2025-10-02 03:51:55] === RUN START ===
>>> discover_once starting
MONGO_URI            = mongodb://localhost:27017/ytscan
REGION               = US
QUERY                = None
CHANNEL_ID           = None
CHANNEL_HANDLE       = None
TOPIC_ID             = None
LOOKBACK_MINUTES     = 90
FILTER_CATEGORY_ID   = '20'
[page 1] found=0
No recent results. Falling back to mostPopular…
fallback mostPopular: upserted=0
>>> DONE. total_found=0, total_upserted=0
Tip: open http://127.0.0.1:8000/videos?limit=10 to verify.
[2025-10-02 03:51:57] === RUN END (code=0) ===


[2025-10-02 03:52:25] === RUN START ===
>>> discover_once starting
MONGO_URI            = mongodb://localhost:27017/ytscan
REGION               = US
QUERY                = None
CHANNEL_ID           = None
CHANNEL_HANDLE       = None
TOPIC_ID             = None
LOOKBACK_MINUTES     = 90
FILTER_CATEGORY_ID   = '20'
[page 1] found=0
No recent results. Falling back to mostPopular…
fallback mostPopular: upserted=0
>>> DONE. total_found=0, total_upserted=0
Tip: open http://127.0.0.1:8000/videos?limit=10 to verify.
[2025-10-02 03:52:27] === RUN END (code=0) ===


[2025-10-02 03:52:55] === RUN START ===
>>> discover_once starting
MONGO_URI            = mongodb://localhost:27017/ytscan
REGION               = US
QUERY                = None
CHANNEL_ID           = None
CHANNEL_HANDLE       = None
TOPIC_ID             = None
LOOKBACK_MINUTES     = 90
FILTER_CATEGORY_ID   = '20'
[page 1] found=0
No recent results. Falling back to mostPopular…
fallback mostPopular: upserted=0
>>> DONE. total_found=0, total_upserted=0
Tip: open http://127.0.0.1:8000/videos?limit=10 to verify.
[2025-10-02 03:52:57] === RUN END (code=0) ===


[2025-10-02 03:53:25] === RUN START ===
>>> discover_once starting
MONGO_URI            = mongodb://localhost:27017/ytscan
REGION               = US
QUERY                = None
CHANNEL_ID           = None
CHANNEL_HANDLE       = None
TOPIC_ID             = None
LOOKBACK_MINUTES     = 90
FILTER_CATEGORY_ID   = '20'
[page 1] found=0
No recent results. Falling back to mostPopular…
fallback mostPopular: upserted=0
>>> DONE. total_found=0, total_upserted=0
Tip: open http://127.0.0.1:8000/videos?limit=10 to verify.
[2025-10-02 03:53:27] === RUN END (code=0) ===


[2025-10-02 03:53:55] === RUN START ===
>>> discover_once starting
MONGO_URI            = mongodb://localhost:27017/ytscan
REGION               = US
QUERY                = None
CHANNEL_ID           = None
CHANNEL_HANDLE       = None
TOPIC_ID             = None
LOOKBACK_MINUTES     = 90
FILTER_CATEGORY_ID   = '20'
[page 1] found=0
No recent results. Falling back to mostPopular…
fallback mostPopular: upserted=0
>>> DONE. total_found=0, total_upserted=0
Tip: open http://127.0.0.1:8000/videos?limit=10 to verify.
[2025-10-02 03:53:57] === RUN END (code=0) ===


[2025-10-02 03:54:25] === RUN START ===
>>> discover_once starting
MONGO_URI            = mongodb://localhost:27017/ytscan
REGION               = US
QUERY                = None
CHANNEL_ID           = None
CHANNEL_HANDLE       = None
TOPIC_ID             = None
LOOKBACK_MINUTES     = 90
FILTER_CATEGORY_ID   = '20'
[page 1] found=0
No recent results. Falling back to mostPopular…
fallback mostPopular: upserted=0
>>> DONE. total_found=0, total_upserted=0
Tip: open http://127.0.0.1:8000/videos?limit=10 to verify.
[2025-10-02 03:54:27] === RUN END (code=0) ===


[2025-10-02 03:54:55] === RUN START ===
>>> discover_once starting
MONGO_URI            = mongodb://localhost:27017/ytscan
REGION               = US
QUERY                = None
CHANNEL_ID           = None
CHANNEL_HANDLE       = None
TOPIC_ID             = None
LOOKBACK_MINUTES     = 90
FILTER_CATEGORY_ID   = '20'
[page 1] found=0
No recent results. Falling back to mostPopular…
fallback mostPopular: upserted=0
>>> DONE. total_found=0, total_upserted=0
Tip: open http://127.0.0.1:8000/videos?limit=10 to verify.
[2025-10-02 03:54:57] === RUN END (code=0) ===


[2025-10-02 03:55:25] === RUN START ===
>>> discover_once starting
MONGO_URI            = mongodb://localhost:27017/ytscan
REGION               = US
QUERY                = None
CHANNEL_ID           = None
CHANNEL_HANDLE       = None
TOPIC_ID             = None
LOOKBACK_MINUTES     = 90
FILTER_CATEGORY_ID   = '20'
[page 1] found=0
No recent results. Falling back to mostPopular…
fallback mostPopular: upserted=0
>>> DONE. total_found=0, total_upserted=0
Tip: open http://127.0.0.1:8000/videos?limit=10 to verify.
[2025-10-02 03:55:27] === RUN END (code=0) ===


[2025-10-02 03:55:55] === RUN START ===
>>> discover_once starting
MONGO_URI            = mongodb://localhost:27017/ytscan
REGION               = US
QUERY                = None
CHANNEL_ID           = None
CHANNEL_HANDLE       = None
TOPIC_ID             = None
LOOKBACK_MINUTES     = 90
FILTER_CATEGORY_ID   = '20'
[page 1] found=0
No recent results. Falling back to mostPopular…
fallback mostPopular: upserted=0
>>> DONE. total_found=0, total_upserted=0
Tip: open http://127.0.0.1:8000/videos?limit=10 to verify.
[2025-10-02 03:55:57] === RUN END (code=0) ===
